# JRE version: OpenJDK Runtime Environment (8.0_242-b08) (build 1.8.0_242-b08)
# Java VM: OpenJDK 64-Bit Server VM (25.242-b08 mixed mode bsd-amd64 compressed oops)
Heap:
 PSYoungGen      total 711680K, used 191723K [0x00000006eab00000, 0x000000071b900000, 0x00000007c0000000)
  eden space 653312K, 29% used [0x00000006eab00000,0x00000006f663afe8,0x0000000712900000)
  from space 58368K, 0% used [0x0000000716180000,0x0000000716180000,0x0000000719a80000)
  to   space 57856K, 0% used [0x0000000712900000,0x0000000712900000,0x0000000716180000)
 ParOldGen       total 287232K, used 114987K [0x0000000540000000, 0x0000000551880000, 0x00000006eab00000)
  object space 287232K, 40% used [0x0000000540000000,0x000000054704ad50,0x0000000551880000)
 Metaspace       used 37229K, capacity 37662K, committed 38184K, reserved 1083392K
  class space    used 4901K, capacity 5067K, committed 5168K, reserved 1048576K
GC Heap History (10 events):
Event: 9.777 GC heap before
{Heap before GC invocations=10 (full 1):
 PSYoungGen      total 409600K, used 409510K [0x00000006eab00000, 0x000000070df00000, 0x00000007c0000000)
  eden space 398336K, 100% used [0x00000006eab00000,0x0000000703000000,0x0000000703000000)
  from space 11264K, 99% used [0x000000070d400000,0x000000070dee9b70,0x000000070df00000)
  to   space 47616K, 0% used [0x0000000708200000,0x0000000708200000,0x000000070b080000)
 ParOldGen       total 182272K, used 57961K [0x0000000540000000, 0x000000054b200000, 0x00000006eab00000)
  object space 182272K, 31% used [0x0000000540000000,0x000000054389a690,0x000000054b200000)
 Metaspace       used 24930K, capacity 25216K, committed 25648K, reserved 1071104K
  class space    used 2910K, capacity 3010K, committed 3120K, reserved 1048576K
Event: 9.804 GC heap after
Heap after GC invocations=10 (full 1):
 PSYoungGen      total 529920K, used 28133K [0x00000006eab00000, 0x000000070fe80000, 0x00000007c0000000)
  eden space 482304K, 0% used [0x00000006eab00000,0x00000006eab00000,0x0000000708200000)
  from space 47616K, 59% used [0x0000000708200000,0x0000000709d79540,0x000000070b080000)
  to   space 46592K, 0% used [0x000000070d100000,0x000000070d100000,0x000000070fe80000)
 ParOldGen       total 182272K, used 57969K [0x0000000540000000, 0x000000054b200000, 0x00000006eab00000)
  object space 182272K, 31% used [0x0000000540000000,0x000000054389c690,0x000000054b200000)
 Metaspace       used 24930K, capacity 25216K, committed 25648K, reserved 1071104K
  class space    used 2910K, capacity 3010K, committed 3120K, reserved 1048576K
}
Event: 11.977 GC heap before
{Heap before GC invocations=11 (full 1):
 PSYoungGen      total 529920K, used 510437K [0x00000006eab00000, 0x000000070fe80000, 0x00000007c0000000)
  eden space 482304K, 100% used [0x00000006eab00000,0x0000000708200000,0x0000000708200000)
  from space 47616K, 59% used [0x0000000708200000,0x0000000709d79540,0x000000070b080000)
  to   space 46592K, 0% used [0x000000070d100000,0x000000070d100000,0x000000070fe80000)
 ParOldGen       total 182272K, used 57969K [0x0000000540000000, 0x000000054b200000, 0x00000006eab00000)
  object space 182272K, 31% used [0x0000000540000000,0x000000054389c690,0x000000054b200000)
 Metaspace       used 28845K, capacity 29202K, committed 29616K, reserved 1075200K
  class space    used 3514K, capacity 3657K, committed 3760K, reserved 1048576K
Event: 12.005 GC heap after
Heap after GC invocations=11 (full 1):
 PSYoungGen      total 559104K, used 42274K [0x00000006eab00000, 0x0000000716680000, 0x00000007c0000000)
  eden space 512512K, 0% used [0x00000006eab00000,0x00000006eab00000,0x0000000709f80000)
  from space 46592K, 90% used [0x000000070d100000,0x000000070fa48918,0x000000070fe80000)
  to   space 50688K, 0% used [0x0000000709f80000,0x0000000709f80000,0x000000070d100000)
 ParOldGen       total 182272K, used 57977K [0x0000000540000000, 0x000000054b200000, 0x00000006eab00000)
  object space 182272K, 31% used [0x0000000540000000,0x000000054389e690,0x000000054b200000)
 Metaspace       used 28845K, capacity 29202K, committed 29616K, reserved 1075200K
  class space    used 3514K, capacity 3657K, committed 3760K, reserved 1048576K
}
Event: 13.437 GC heap before
{Heap before GC invocations=12 (full 1):
 PSYoungGen      total 559104K, used 554786K [0x00000006eab00000, 0x0000000716680000, 0x00000007c0000000)
  eden space 512512K, 100% used [0x00000006eab00000,0x0000000709f80000,0x0000000709f80000)
  from space 46592K, 90% used [0x000000070d100000,0x000000070fa48918,0x000000070fe80000)
  to   space 50688K, 0% used [0x0000000709f80000,0x0000000709f80000,0x000000070d100000)
 ParOldGen       total 182272K, used 57977K [0x0000000540000000, 0x000000054b200000, 0x00000006eab00000)
  object space 182272K, 31% used [0x0000000540000000,0x000000054389e690,0x000000054b200000)
 Metaspace       used 33200K, capacity 33558K, committed 34096K, reserved 1079296K
  class space    used 4436K, capacity 4553K, committed 4656K, reserved 1048576K
Event: 13.474 GC heap after
Heap after GC invocations=12 (full 1):
 PSYoungGen      total 563200K, used 50680K [0x00000006eab00000, 0x0000000719a80000, 0x00000007c0000000)
  eden space 512512K, 0% used [0x00000006eab00000,0x00000006eab00000,0x0000000709f80000)
  from space 50688K, 99% used [0x0000000709f80000,0x000000070d0fe378,0x000000070d100000)
  to   space 58368K, 0% used [0x0000000716180000,0x0000000716180000,0x0000000719a80000)
 ParOldGen       total 182272K, used 61329K [0x0000000540000000, 0x000000054b200000, 0x00000006eab00000)
  object space 182272K, 33% used [0x0000000540000000,0x0000000543be46c8,0x000000054b200000)
 Metaspace       used 33200K, capacity 33558K, committed 34096K, reserved 1079296K
  class space    used 4436K, capacity 4553K, committed 4656K, reserved 1048576K
}
Event: 14.144 GC heap before
{Heap before GC invocations=13 (full 1):
 PSYoungGen      total 563200K, used 234133K [0x00000006eab00000, 0x0000000719a80000, 0x00000007c0000000)
  eden space 512512K, 35% used [0x00000006eab00000,0x00000006f5e27320,0x0000000709f80000)
  from space 50688K, 99% used [0x0000000709f80000,0x000000070d0fe378,0x000000070d100000)
  to   space 58368K, 0% used [0x0000000716180000,0x0000000716180000,0x0000000719a80000)
 ParOldGen       total 182272K, used 61329K [0x0000000540000000, 0x000000054b200000, 0x00000006eab00000)
  object space 182272K, 33% used [0x0000000540000000,0x0000000543be46c8,0x000000054b200000)
 Metaspace       used 34725K, capacity 35104K, committed 35496K, reserved 1079296K
  class space    used 4632K, capacity 4768K, committed 4784K, reserved 1048576K
Event: 14.201 GC heap after
Heap after GC invocations=13 (full 1):
 PSYoungGen      total 711680K, used 36043K [0x00000006eab00000, 0x000000071b900000, 0x00000007c0000000)
  eden space 653312K, 0% used [0x00000006eab00000,0x00000006eab00000,0x0000000712900000)
  from space 58368K, 61% used [0x0000000716180000,0x00000007184b2dc0,0x0000000719a80000)
  to   space 57856K, 0% used [0x0000000712900000,0x0000000712900000,0x0000000716180000)
 ParOldGen       total 182272K, used 85746K [0x0000000540000000, 0x000000054b200000, 0x00000006eab00000)
  object space 182272K, 47% used [0x0000000540000000,0x00000005453bc870,0x000000054b200000)
 Metaspace       used 34725K, capacity 35104K, committed 35496K, reserved 1079296K
  class space    used 4632K, capacity 4768K, committed 4784K, reserved 1048576K
}
Event: 14.201 GC heap before
{Heap before GC invocations=14 (full 2):
 PSYoungGen      total 711680K, used 36043K [0x00000006eab00000, 0x000000071b900000, 0x00000007c0000000)
  eden space 653312K, 0% used [0x00000006eab00000,0x00000006eab00000,0x0000000712900000)
  from space 58368K, 61% used [0x0000000716180000,0x00000007184b2dc0,0x0000000719a80000)
  to   space 57856K, 0% used [0x0000000712900000,0x0000000712900000,0x0000000716180000)
 ParOldGen       total 182272K, used 85746K [0x0000000540000000, 0x000000054b200000, 0x00000006eab00000)
  object space 182272K, 47% used [0x0000000540000000,0x00000005453bc870,0x000000054b200000)
 Metaspace       used 34725K, capacity 35104K, committed 35496K, reserved 1079296K
  class space    used 4632K, capacity 4768K, committed 4784K, reserved 1048576K
Event: 14.580 GC heap after
Heap after GC invocations=14 (full 2):
 PSYoungGen      total 711680K, used 0K [0x00000006eab00000, 0x000000071b900000, 0x00000007c0000000)
  eden space 653312K, 0% used [0x00000006eab00000,0x00000006eab00000,0x0000000712900000)
  from space 58368K, 0% used [0x0000000716180000,0x0000000716180000,0x0000000719a80000)
  to   space 57856K, 0% used [0x0000000712900000,0x0000000712900000,0x0000000716180000)
 ParOldGen       total 287232K, used 114987K [0x0000000540000000, 0x0000000551880000, 0x00000006eab00000)
  object space 287232K, 40% used [0x0000000540000000,0x000000054704ad50,0x0000000551880000)
 Metaspace       used 34725K, capacity 35104K, committed 35496K, reserved 1079296K
  class space    used 4632K, capacity 4768K, committed 4784K, reserved 1048576K
}

