# JRE version: OpenJDK Runtime Environment (8.0_242-b08) (build 1.8.0_242-b08)
# Java VM: OpenJDK 64-Bit Server VM (25.242-b08 mixed mode bsd-amd64 compressed oops)
Heap:
 PSYoungGen      total 861184K, used 181891K [0x00000006eab00000, 0x0000000725200000, 0x00000007c0000000)
  eden space 812032K, 22% used [0x00000006eab00000,0x00000006f5ca0ff0,0x000000071c400000)
  from space 49152K, 0% used [0x000000071f500000,0x000000071f500000,0x0000000722500000)
  to   space 50176K, 0% used [0x000000071c400000,0x000000071c400000,0x000000071f500000)
 ParOldGen       total 267264K, used 112619K [0x0000000540000000, 0x0000000550500000, 0x00000006eab00000)
  object space 267264K, 42% used [0x0000000540000000,0x0000000546dfacc0,0x0000000550500000)
 Metaspace       used 37180K, capacity 37592K, committed 38184K, reserved 1083392K
  class space    used 4896K, capacity 5065K, committed 5168K, reserved 1048576K
GC Heap History (10 events):
Event: 7.729 GC heap before
{Heap before GC invocations=10 (full 1):
 PSYoungGen      total 445440K, used 445265K [0x00000006eab00000, 0x000000070df00000, 0x00000007c0000000)
  eden space 434176K, 100% used [0x00000006eab00000,0x0000000705300000,0x0000000705300000)
  from space 11264K, 98% used [0x000000070d400000,0x000000070ded4730,0x000000070df00000)
  to   space 48128K, 0% used [0x0000000708100000,0x0000000708100000,0x000000070b000000)
 ParOldGen       total 175104K, used 57891K [0x0000000540000000, 0x000000054ab00000, 0x00000006eab00000)
  object space 175104K, 33% used [0x0000000540000000,0x0000000543888e90,0x000000054ab00000)
 Metaspace       used 25684K, capacity 26042K, committed 26544K, reserved 1073152K
  class space    used 3024K, capacity 3136K, committed 3248K, reserved 1048576K
Event: 7.755 GC heap after
Heap after GC invocations=10 (full 1):
 PSYoungGen      total 529408K, used 30370K [0x00000006eab00000, 0x0000000715280000, 0x00000007c0000000)
  eden space 481280K, 0% used [0x00000006eab00000,0x00000006eab00000,0x0000000708100000)
  from space 48128K, 63% used [0x0000000708100000,0x0000000709ea89c0,0x000000070b000000)
  to   space 47616K, 0% used [0x0000000712400000,0x0000000712400000,0x0000000715280000)
 ParOldGen       total 175104K, used 57899K [0x0000000540000000, 0x000000054ab00000, 0x00000006eab00000)
  object space 175104K, 33% used [0x0000000540000000,0x000000054388ae90,0x000000054ab00000)
 Metaspace       used 25684K, capacity 26042K, committed 26544K, reserved 1073152K
  class space    used 3024K, capacity 3136K, committed 3248K, reserved 1048576K
}
Event: 9.419 GC heap before
{Heap before GC invocations=11 (full 1):
 PSYoungGen      total 529408K, used 511650K [0x00000006eab00000, 0x0000000715280000, 0x00000007c0000000)
  eden space 481280K, 100% used [0x00000006eab00000,0x0000000708100000,0x0000000708100000)
  from space 48128K, 63% used [0x0000000708100000,0x0000000709ea89c0,0x000000070b000000)
  to   space 47616K, 0% used [0x0000000712400000,0x0000000712400000,0x0000000715280000)
 ParOldGen       total 175104K, used 57899K [0x0000000540000000, 0x000000054ab00000, 0x00000006eab00000)
  object space 175104K, 33% used [0x0000000540000000,0x000000054388ae90,0x000000054ab00000)
 Metaspace       used 29135K, capacity 29456K, committed 29872K, reserved 1075200K
  class space    used 3584K, capacity 3719K, committed 3760K, reserved 1048576K
Event: 9.450 GC heap after
Heap after GC invocations=11 (full 1):
 PSYoungGen      total 646144K, used 36955K [0x00000006eab00000, 0x0000000718e80000, 0x00000007c0000000)
  eden space 598528K, 0% used [0x00000006eab00000,0x00000006eab00000,0x000000070f380000)
  from space 47616K, 77% used [0x0000000712400000,0x0000000714816fd0,0x0000000715280000)
  to   space 49664K, 0% used [0x000000070f380000,0x000000070f380000,0x0000000712400000)
 ParOldGen       total 175104K, used 65307K [0x0000000540000000, 0x000000054ab00000, 0x00000006eab00000)
  object space 175104K, 37% used [0x0000000540000000,0x0000000543fc6f08,0x000000054ab00000)
 Metaspace       used 29135K, capacity 29456K, committed 29872K, reserved 1075200K
  class space    used 3584K, capacity 3719K, committed 3760K, reserved 1048576K
}
Event: 10.928 GC heap before
{Heap before GC invocations=12 (full 1):
 PSYoungGen      total 646144K, used 635483K [0x00000006eab00000, 0x0000000718e80000, 0x00000007c0000000)
  eden space 598528K, 100% used [0x00000006eab00000,0x000000070f380000,0x000000070f380000)
  from space 47616K, 77% used [0x0000000712400000,0x0000000714816fd0,0x0000000715280000)
  to   space 49664K, 0% used [0x000000070f380000,0x000000070f380000,0x0000000712400000)
 ParOldGen       total 175104K, used 65307K [0x0000000540000000, 0x000000054ab00000, 0x00000006eab00000)
  object space 175104K, 37% used [0x0000000540000000,0x0000000543fc6f08,0x000000054ab00000)
 Metaspace       used 34281K, capacity 34722K, committed 35248K, reserved 1079296K
  class space    used 4580K, capacity 4726K, committed 4784K, reserved 1048576K
Event: 10.961 GC heap after
Heap after GC invocations=12 (full 1):
 PSYoungGen      total 648192K, used 17678K [0x00000006eab00000, 0x0000000722500000, 0x00000007c0000000)
  eden space 598528K, 0% used [0x00000006eab00000,0x00000006eab00000,0x000000070f380000)
  from space 49664K, 35% used [0x000000070f380000,0x00000007104c3a90,0x0000000712400000)
  to   space 49152K, 0% used [0x000000071f500000,0x000000071f500000,0x0000000722500000)
 ParOldGen       total 175104K, used 99236K [0x0000000540000000, 0x000000054ab00000, 0x00000006eab00000)
  object space 175104K, 56% used [0x0000000540000000,0x00000005460e9068,0x000000054ab00000)
 Metaspace       used 34281K, capacity 34722K, committed 35248K, reserved 1079296K
  class space    used 4580K, capacity 4726K, committed 4784K, reserved 1048576K
}
Event: 11.115 GC heap before
{Heap before GC invocations=13 (full 1):
 PSYoungGen      total 648192K, used 65369K [0x00000006eab00000, 0x0000000722500000, 0x00000007c0000000)
  eden space 598528K, 7% used [0x00000006eab00000,0x00000006ed992a20,0x000000070f380000)
  from space 49664K, 35% used [0x000000070f380000,0x00000007104c3a90,0x0000000712400000)
  to   space 49152K, 0% used [0x000000071f500000,0x000000071f500000,0x0000000722500000)
 ParOldGen       total 175104K, used 99236K [0x0000000540000000, 0x000000054ab00000, 0x00000006eab00000)
  object space 175104K, 56% used [0x0000000540000000,0x00000005460e9068,0x000000054ab00000)
 Metaspace       used 34675K, capacity 35098K, committed 35496K, reserved 1079296K
  class space    used 4627K, capacity 4766K, committed 4784K, reserved 1048576K
Event: 11.134 GC heap after
Heap after GC invocations=13 (full 1):
 PSYoungGen      total 861184K, used 5136K [0x00000006eab00000, 0x0000000725200000, 0x00000007c0000000)
  eden space 812032K, 0% used [0x00000006eab00000,0x00000006eab00000,0x000000071c400000)
  from space 49152K, 10% used [0x000000071f500000,0x000000071fa04040,0x0000000722500000)
  to   space 50176K, 0% used [0x000000071c400000,0x000000071c400000,0x000000071f500000)
 ParOldGen       total 175104K, used 113524K [0x0000000540000000, 0x000000054ab00000, 0x00000006eab00000)
  object space 175104K, 64% used [0x0000000540000000,0x0000000546edd1b8,0x000000054ab00000)
 Metaspace       used 34675K, capacity 35098K, committed 35496K, reserved 1079296K
  class space    used 4627K, capacity 4766K, committed 4784K, reserved 1048576K
}
Event: 11.134 GC heap before
{Heap before GC invocations=14 (full 2):
 PSYoungGen      total 861184K, used 5136K [0x00000006eab00000, 0x0000000725200000, 0x00000007c0000000)
  eden space 812032K, 0% used [0x00000006eab00000,0x00000006eab00000,0x000000071c400000)
  from space 49152K, 10% used [0x000000071f500000,0x000000071fa04040,0x0000000722500000)
  to   space 50176K, 0% used [0x000000071c400000,0x000000071c400000,0x000000071f500000)
 ParOldGen       total 175104K, used 113524K [0x0000000540000000, 0x000000054ab00000, 0x00000006eab00000)
  object space 175104K, 64% used [0x0000000540000000,0x0000000546edd1b8,0x000000054ab00000)
 Metaspace       used 34675K, capacity 35098K, committed 35496K, reserved 1079296K
  class space    used 4627K, capacity 4766K, committed 4784K, reserved 1048576K
Event: 11.433 GC heap after
Heap after GC invocations=14 (full 2):
 PSYoungGen      total 861184K, used 0K [0x00000006eab00000, 0x0000000725200000, 0x00000007c0000000)
  eden space 812032K, 0% used [0x00000006eab00000,0x00000006eab00000,0x000000071c400000)
  from space 49152K, 0% used [0x000000071f500000,0x000000071f500000,0x0000000722500000)
  to   space 50176K, 0% used [0x000000071c400000,0x000000071c400000,0x000000071f500000)
 ParOldGen       total 267264K, used 112619K [0x0000000540000000, 0x0000000550500000, 0x00000006eab00000)
  object space 267264K, 42% used [0x0000000540000000,0x0000000546dfacc0,0x0000000550500000)
 Metaspace       used 34675K, capacity 35098K, committed 35496K, reserved 1079296K
  class space    used 4627K, capacity 4766K, committed 4784K, reserved 1048576K
}

