# JRE version: Java(TM) SE Runtime Environment (8.0_51-b16) (build 1.8.0_51-b16)
# Java VM: Java HotSpot(TM) 64-Bit Server VM (25.51-b03 mixed mode windows-amd64 compressed oops)
Heap:
 PSYoungGen      total 1978368K, used 118313K [0x0000000704000000, 0x00000007b1580000, 0x00000007c0000000)
  eden space 1977856K, 5% used [0x0000000704000000,0x000000070b38a4d0,0x000000077cb80000)
  from space 512K, 0% used [0x000000077cb80000,0x000000077cb80000,0x000000077cc00000)
  to   space 431104K, 0% used [0x0000000797080000,0x0000000797080000,0x00000007b1580000)
 ParOldGen       total 2855424K, used 2249156K [0x000000058c000000, 0x000000063a480000, 0x0000000704000000)
  object space 2855424K, 78% used [0x000000058c000000,0x0000000615471038,0x000000063a480000)
 Metaspace       used 164296K, capacity 169397K, committed 169560K, reserved 1191936K
  class space    used 25349K, capacity 26739K, committed 26752K, reserved 1048576K
GC Heap History (10 events):
Event: 2181.324 GC heap before
{Heap before GC invocations=77 (full 8):
 PSYoungGen      total 2451968K, used 1977088K [0x0000000704000000, 0x00000007b8c80000, 0x00000007c0000000)
  eden space 1975808K, 100% used [0x0000000704000000,0x000000077c980000,0x000000077c980000)
  from space 476160K, 0% used [0x000000079bb80000,0x000000079bcc0030,0x00000007b8c80000)
  to   space 493056K, 0% used [0x000000077c980000,0x000000077c980000,0x000000079ab00000)
 ParOldGen       total 2855424K, used 2235292K [0x000000058c000000, 0x000000063a480000, 0x0000000704000000)
  object space 2855424K, 78% used [0x000000058c000000,0x00000006146e7328,0x000000063a480000)
 Metaspace       used 163386K, capacity 168527K, committed 168792K, reserved 1191936K
  class space    used 25257K, capacity 26642K, committed 26752K, reserved 1048576K
Event: 2181.339 GC heap after
Heap after GC invocations=77 (full 8):
 PSYoungGen      total 1990656K, used 14528K [0x0000000704000000, 0x00000007b6580000, 0x00000007c0000000)
  eden space 1975808K, 0% used [0x0000000704000000,0x0000000704000000,0x000000077c980000)
  from space 14848K, 97% used [0x000000077c980000,0x000000077d7b03d0,0x000000077d800000)
  to   space 472064K, 0% used [0x0000000799880000,0x0000000799880000,0x00000007b6580000)
 ParOldGen       total 2855424K, used 2235300K [0x000000058c000000, 0x000000063a480000, 0x0000000704000000)
  object space 2855424K, 78% used [0x000000058c000000,0x00000006146e9328,0x000000063a480000)
 Metaspace       used 163386K, capacity 168527K, committed 168792K, reserved 1191936K
  class space    used 25257K, capacity 26642K, committed 26752K, reserved 1048576K
}
Event: 2232.263 GC heap before
{Heap before GC invocations=78 (full 8):
 PSYoungGen      total 1990656K, used 1459960K [0x0000000704000000, 0x00000007b6580000, 0x00000007c0000000)
  eden space 1975808K, 73% used [0x0000000704000000,0x000000075c38dcc8,0x000000077c980000)
  from space 14848K, 97% used [0x000000077c980000,0x000000077d7b03d0,0x000000077d800000)
  to   space 472064K, 0% used [0x0000000799880000,0x0000000799880000,0x00000007b6580000)
 ParOldGen       total 2855424K, used 2235300K [0x000000058c000000, 0x000000063a480000, 0x0000000704000000)
  object space 2855424K, 78% used [0x000000058c000000,0x00000006146e9328,0x000000063a480000)
 Metaspace       used 163597K, capacity 168661K, committed 168792K, reserved 1191936K
  class space    used 25266K, capacity 26643K, committed 26752K, reserved 1048576K
Event: 2232.278 GC heap after
Heap after GC invocations=78 (full 8):
 PSYoungGen      total 2405888K, used 19303K [0x0000000704000000, 0x00000007b3a80000, 0x00000007c0000000)
  eden space 1977856K, 0% used [0x0000000704000000,0x0000000704000000,0x000000077cb80000)
  from space 428032K, 4% used [0x0000000799880000,0x000000079ab59fa0,0x00000007b3a80000)
  to   space 450048K, 0% used [0x000000077cb80000,0x000000077cb80000,0x0000000798300000)
 ParOldGen       total 2855424K, used 2235308K [0x000000058c000000, 0x000000063a480000, 0x0000000704000000)
  object space 2855424K, 78% used [0x000000058c000000,0x00000006146eb328,0x000000063a480000)
 Metaspace       used 163597K, capacity 168661K, committed 168792K, reserved 1191936K
  class space    used 25266K, capacity 26643K, committed 26752K, reserved 1048576K
}
Event: 2232.278 GC heap before
{Heap before GC invocations=79 (full 9):
 PSYoungGen      total 2405888K, used 19303K [0x0000000704000000, 0x00000007b3a80000, 0x00000007c0000000)
  eden space 1977856K, 0% used [0x0000000704000000,0x0000000704000000,0x000000077cb80000)
  from space 428032K, 4% used [0x0000000799880000,0x000000079ab59fa0,0x00000007b3a80000)
  to   space 450048K, 0% used [0x000000077cb80000,0x000000077cb80000,0x0000000798300000)
 ParOldGen       total 2855424K, used 2235308K [0x000000058c000000, 0x000000063a480000, 0x0000000704000000)
  object space 2855424K, 78% used [0x000000058c000000,0x00000006146eb328,0x000000063a480000)
 Metaspace       used 163597K, capacity 168661K, committed 168792K, reserved 1191936K
  class space    used 25266K, capacity 26643K, committed 26752K, reserved 1048576K
Event: 2236.868 GC heap after
Heap after GC invocations=79 (full 9):
 PSYoungGen      total 2405888K, used 0K [0x0000000704000000, 0x00000007b3a80000, 0x00000007c0000000)
  eden space 1977856K, 0% used [0x0000000704000000,0x0000000704000000,0x000000077cb80000)
  from space 428032K, 0% used [0x0000000799880000,0x0000000799880000,0x00000007b3a80000)
  to   space 450048K, 0% used [0x000000077cb80000,0x000000077cb80000,0x0000000798300000)
 ParOldGen       total 2855424K, used 2249155K [0x000000058c000000, 0x000000063a480000, 0x0000000704000000)
  object space 2855424K, 78% used [0x000000058c000000,0x0000000615470d98,0x000000063a480000)
 Metaspace       used 163597K, capacity 168661K, committed 168792K, reserved 1191936K
  class space    used 25266K, capacity 26643K, committed 26752K, reserved 1048576K
}
Event: 2236.869 GC heap before
{Heap before GC invocations=80 (full 9):
 PSYoungGen      total 2405888K, used 2825K [0x0000000704000000, 0x00000007b3a80000, 0x00000007c0000000)
  eden space 1977856K, 0% used [0x0000000704000000,0x00000007042c2648,0x000000077cb80000)
  from space 428032K, 0% used [0x0000000799880000,0x0000000799880000,0x00000007b3a80000)
  to   space 450048K, 0% used [0x000000077cb80000,0x000000077cb80000,0x0000000798300000)
 ParOldGen       total 2855424K, used 2249155K [0x000000058c000000, 0x000000063a480000, 0x0000000704000000)
  object space 2855424K, 78% used [0x000000058c000000,0x0000000615470d98,0x000000063a480000)
 Metaspace       used 163597K, capacity 168661K, committed 168792K, reserved 1191936K
  class space    used 25266K, capacity 26643K, committed 26752K, reserved 1048576K
Event: 2236.879 GC heap after
Heap after GC invocations=80 (full 9):
 PSYoungGen      total 1978368K, used 64K [0x0000000704000000, 0x00000007b1580000, 0x00000007c0000000)
  eden space 1977856K, 0% used [0x0000000704000000,0x0000000704000000,0x000000077cb80000)
  from space 512K, 12% used [0x000000077cb80000,0x000000077cb90000,0x000000077cc00000)
  to   space 431104K, 0% used [0x0000000797080000,0x0000000797080000,0x00000007b1580000)
 ParOldGen       total 2855424K, used 2249155K [0x000000058c000000, 0x000000063a480000, 0x0000000704000000)
  object space 2855424K, 78% used [0x000000058c000000,0x0000000615470d98,0x000000063a480000)
 Metaspace       used 163597K, capacity 168661K, committed 168792K, reserved 1191936K
  class space    used 25266K, capacity 26643K, committed 26752K, reserved 1048576K
}
Event: 2236.879 GC heap before
{Heap before GC invocations=81 (full 10):
 PSYoungGen      total 1978368K, used 64K [0x0000000704000000, 0x00000007b1580000, 0x00000007c0000000)
  eden space 1977856K, 0% used [0x0000000704000000,0x0000000704000000,0x000000077cb80000)
  from space 512K, 12% used [0x000000077cb80000,0x000000077cb90000,0x000000077cc00000)
  to   space 431104K, 0% used [0x0000000797080000,0x0000000797080000,0x00000007b1580000)
 ParOldGen       total 2855424K, used 2249155K [0x000000058c000000, 0x000000063a480000, 0x0000000704000000)
  object space 2855424K, 78% used [0x000000058c000000,0x0000000615470d98,0x000000063a480000)
 Metaspace       used 163597K, capacity 168661K, committed 168792K, reserved 1191936K
  class space    used 25266K, capacity 26643K, committed 26752K, reserved 1048576K
Event: 2238.526 GC heap after
Heap after GC invocations=81 (full 10):
 PSYoungGen      total 1978368K, used 0K [0x0000000704000000, 0x00000007b1580000, 0x00000007c0000000)
  eden space 1977856K, 0% used [0x0000000704000000,0x0000000704000000,0x000000077cb80000)
  from space 512K, 0% used [0x000000077cb80000,0x000000077cb80000,0x000000077cc00000)
  to   space 431104K, 0% used [0x0000000797080000,0x0000000797080000,0x00000007b1580000)
 ParOldGen       total 2855424K, used 2249156K [0x000000058c000000, 0x000000063a480000, 0x0000000704000000)
  object space 2855424K, 78% used [0x000000058c000000,0x0000000615471038,0x000000063a480000)
 Metaspace       used 163597K, capacity 168661K, committed 168792K, reserved 1191936K
  class space    used 25266K, capacity 26643K, committed 26752K, reserved 1048576K
}

