# JRE version: OpenJDK Runtime Environment (8.0_242-b08) (build 1.8.0_242-b08)
# Java VM: OpenJDK 64-Bit Server VM (25.242-b08 mixed mode bsd-amd64 compressed oops)
Heap:
 PSYoungGen      total 615424K, used 20469K [0x00000006eab00000, 0x0000000720180000, 0x00000007c0000000)
  eden space 568320K, 3% used [0x00000006eab00000,0x00000006ebefd5a8,0x000000070d600000)
  from space 47104K, 0% used [0x000000070d600000,0x000000070d600000,0x0000000710400000)
  to   space 46592K, 0% used [0x000000071d400000,0x000000071d400000,0x0000000720180000)
 ParOldGen       total 268288K, used 104874K [0x0000000540000000, 0x0000000550600000, 0x00000006eab00000)
  object space 268288K, 39% used [0x0000000540000000,0x000000054666ab80,0x0000000550600000)
 Metaspace       used 35570K, capacity 35986K, committed 36400K, reserved 1081344K
  class space    used 4726K, capacity 4894K, committed 4912K, reserved 1048576K
GC Heap History (10 events):
Event: 7.253 GC heap before
{Heap before GC invocations=9 (full 1):
 PSYoungGen      total 299520K, used 249859K [0x00000006eab00000, 0x000000070f100000, 0x00000007c0000000)
  eden space 259584K, 96% used [0x00000006eab00000,0x00000006f9f00e70,0x00000006fa880000)
  from space 39936K, 0% used [0x00000006fa880000,0x00000006fa880000,0x00000006fcf80000)
  to   space 38400K, 0% used [0x000000070cb80000,0x000000070cb80000,0x000000070f100000)
 ParOldGen       total 175104K, used 56441K [0x0000000540000000, 0x000000054ab00000, 0x00000006eab00000)
  object space 175104K, 32% used [0x0000000540000000,0x000000054371e4c8,0x000000054ab00000)
 Metaspace       used 23181K, capacity 23460K, committed 23600K, reserved 1071104K
  class space    used 2710K, capacity 2833K, committed 2864K, reserved 1048576K
Event: 7.273 GC heap after
Heap after GC invocations=9 (full 1):
 PSYoungGen      total 437760K, used 14940K [0x00000006eab00000, 0x000000070da80000, 0x00000007c0000000)
  eden space 422400K, 0% used [0x00000006eab00000,0x00000006eab00000,0x0000000704780000)
  from space 15360K, 97% used [0x000000070cb80000,0x000000070da171f0,0x000000070da80000)
  to   space 37888K, 0% used [0x0000000709080000,0x0000000709080000,0x000000070b580000)
 ParOldGen       total 175104K, used 56449K [0x0000000540000000, 0x000000054ab00000, 0x00000006eab00000)
  object space 175104K, 32% used [0x0000000540000000,0x00000005437204c8,0x000000054ab00000)
 Metaspace       used 23181K, capacity 23460K, committed 23600K, reserved 1071104K
  class space    used 2710K, capacity 2833K, committed 2864K, reserved 1048576K
}
Event: 9.557 GC heap before
{Heap before GC invocations=10 (full 1):
 PSYoungGen      total 437760K, used 437340K [0x00000006eab00000, 0x000000070da80000, 0x00000007c0000000)
  eden space 422400K, 100% used [0x00000006eab00000,0x0000000704780000,0x0000000704780000)
  from space 15360K, 97% used [0x000000070cb80000,0x000000070da171f0,0x000000070da80000)
  to   space 37888K, 0% used [0x0000000709080000,0x0000000709080000,0x000000070b580000)
 ParOldGen       total 175104K, used 56449K [0x0000000540000000, 0x000000054ab00000, 0x00000006eab00000)
  object space 175104K, 32% used [0x0000000540000000,0x00000005437204c8,0x000000054ab00000)
 Metaspace       used 27434K, capacity 27754K, committed 28080K, reserved 1073152K
  class space    used 3301K, capacity 3388K, committed 3504K, reserved 1048576K
Event: 9.591 GC heap after
Heap after GC invocations=10 (full 1):
 PSYoungGen      total 535040K, used 37865K [0x00000006eab00000, 0x0000000712e00000, 0x00000007c0000000)
  eden space 497152K, 0% used [0x00000006eab00000,0x00000006eab00000,0x0000000709080000)
  from space 37888K, 99% used [0x0000000709080000,0x000000070b57a580,0x000000070b580000)
  to   space 43008K, 0% used [0x0000000710400000,0x0000000710400000,0x0000000712e00000)
 ParOldGen       total 175104K, used 56795K [0x0000000540000000, 0x000000054ab00000, 0x00000006eab00000)
  object space 175104K, 32% used [0x0000000540000000,0x0000000543776f80,0x000000054ab00000)
 Metaspace       used 27434K, capacity 27754K, committed 28080K, reserved 1073152K
  class space    used 3301K, capacity 3388K, committed 3504K, reserved 1048576K
}
Event: 11.077 GC heap before
{Heap before GC invocations=11 (full 1):
 PSYoungGen      total 535040K, used 535017K [0x00000006eab00000, 0x0000000712e00000, 0x00000007c0000000)
  eden space 497152K, 100% used [0x00000006eab00000,0x0000000709080000,0x0000000709080000)
  from space 37888K, 99% used [0x0000000709080000,0x000000070b57a580,0x000000070b580000)
  to   space 43008K, 0% used [0x0000000710400000,0x0000000710400000,0x0000000712e00000)
 ParOldGen       total 175104K, used 56795K [0x0000000540000000, 0x000000054ab00000, 0x00000006eab00000)
  object space 175104K, 32% used [0x0000000540000000,0x0000000543776f80,0x000000054ab00000)
 Metaspace       used 31563K, capacity 31918K, committed 32304K, reserved 1077248K
  class space    used 4172K, capacity 4284K, committed 4400K, reserved 1048576K
Event: 11.113 GC heap after
Heap after GC invocations=11 (full 1):
 PSYoungGen      total 611328K, used 39230K [0x00000006eab00000, 0x0000000719580000, 0x00000007c0000000)
  eden space 568320K, 0% used [0x00000006eab00000,0x00000006eab00000,0x000000070d600000)
  from space 43008K, 91% used [0x0000000710400000,0x0000000712a4f988,0x0000000712e00000)
  to   space 47104K, 0% used [0x000000070d600000,0x000000070d600000,0x0000000710400000)
 ParOldGen       total 175104K, used 68201K [0x0000000540000000, 0x000000054ab00000, 0x00000006eab00000)
  object space 175104K, 38% used [0x0000000540000000,0x000000054429a428,0x000000054ab00000)
 Metaspace       used 31563K, capacity 31918K, committed 32304K, reserved 1077248K
  class space    used 4172K, capacity 4284K, committed 4400K, reserved 1048576K
}
Event: 12.164 GC heap before
{Heap before GC invocations=12 (full 1):
 PSYoungGen      total 611328K, used 354306K [0x00000006eab00000, 0x0000000719580000, 0x00000007c0000000)
  eden space 568320K, 55% used [0x00000006eab00000,0x00000006fdeb1158,0x000000070d600000)
  from space 43008K, 91% used [0x0000000710400000,0x0000000712a4f988,0x0000000712e00000)
  to   space 47104K, 0% used [0x000000070d600000,0x000000070d600000,0x0000000710400000)
 ParOldGen       total 175104K, used 68201K [0x0000000540000000, 0x000000054ab00000, 0x00000006eab00000)
  object space 175104K, 38% used [0x0000000540000000,0x000000054429a428,0x000000054ab00000)
 Metaspace       used 34828K, capacity 35218K, committed 35496K, reserved 1079296K
  class space    used 4648K, capacity 4830K, committed 4912K, reserved 1048576K
Event: 12.221 GC heap after
Heap after GC invocations=12 (full 1):
 PSYoungGen      total 615424K, used 12830K [0x00000006eab00000, 0x0000000720180000, 0x00000007c0000000)
  eden space 568320K, 0% used [0x00000006eab00000,0x00000006eab00000,0x000000070d600000)
  from space 47104K, 27% used [0x000000070d600000,0x000000070e2879b0,0x0000000710400000)
  to   space 46592K, 0% used [0x000000071d400000,0x000000071d400000,0x0000000720180000)
 ParOldGen       total 175104K, used 106291K [0x0000000540000000, 0x000000054ab00000, 0x00000006eab00000)
  object space 175104K, 60% used [0x0000000540000000,0x00000005467ccd88,0x000000054ab00000)
 Metaspace       used 34828K, capacity 35218K, committed 35496K, reserved 1079296K
  class space    used 4648K, capacity 4830K, committed 4912K, reserved 1048576K
}
Event: 12.221 GC heap before
{Heap before GC invocations=13 (full 2):
 PSYoungGen      total 615424K, used 12830K [0x00000006eab00000, 0x0000000720180000, 0x00000007c0000000)
  eden space 568320K, 0% used [0x00000006eab00000,0x00000006eab00000,0x000000070d600000)
  from space 47104K, 27% used [0x000000070d600000,0x000000070e2879b0,0x0000000710400000)
  to   space 46592K, 0% used [0x000000071d400000,0x000000071d400000,0x0000000720180000)
 ParOldGen       total 175104K, used 106291K [0x0000000540000000, 0x000000054ab00000, 0x00000006eab00000)
  object space 175104K, 60% used [0x0000000540000000,0x00000005467ccd88,0x000000054ab00000)
 Metaspace       used 34828K, capacity 35218K, committed 35496K, reserved 1079296K
  class space    used 4648K, capacity 4830K, committed 4912K, reserved 1048576K
Event: 12.483 GC heap after
Heap after GC invocations=13 (full 2):
 PSYoungGen      total 615424K, used 0K [0x00000006eab00000, 0x0000000720180000, 0x00000007c0000000)
  eden space 568320K, 0% used [0x00000006eab00000,0x00000006eab00000,0x000000070d600000)
  from space 47104K, 0% used [0x000000070d600000,0x000000070d600000,0x0000000710400000)
  to   space 46592K, 0% used [0x000000071d400000,0x000000071d400000,0x0000000720180000)
 ParOldGen       total 268288K, used 104874K [0x0000000540000000, 0x0000000550600000, 0x00000006eab00000)
  object space 268288K, 39% used [0x0000000540000000,0x000000054666ab80,0x0000000550600000)
 Metaspace       used 34828K, capacity 35218K, committed 35496K, reserved 1079296K
  class space    used 4648K, capacity 4830K, committed 4912K, reserved 1048576K
}

