# JRE version: OpenJDK Runtime Environment (8.0_242-b08) (build 1.8.0_242-b08)
# Java VM: OpenJDK 64-Bit Server VM (25.242-b08 mixed mode bsd-amd64 compressed oops)
Heap:
 PSYoungGen      total 867840K, used 138531K [0x00000006eab00000, 0x0000000726300000, 0x00000007c0000000)
  eden space 820224K, 16% used [0x00000006eab00000,0x00000006f3248fa8,0x000000071cc00000)
  from space 47616K, 0% used [0x000000071fc80000,0x000000071fc80000,0x0000000722b00000)
  to   space 49664K, 0% used [0x000000071cc00000,0x000000071cc00000,0x000000071fc80000)
 ParOldGen       total 263168K, used 112382K [0x0000000540000000, 0x0000000550100000, 0x00000006eab00000)
  object space 263168K, 42% used [0x0000000540000000,0x0000000546dbfa20,0x0000000550100000)
 Metaspace       used 36915K, capacity 37344K, committed 37888K, reserved 1081344K
  class space    used 4865K, capacity 5025K, committed 5120K, reserved 1048576K
GC Heap History (10 events):
Event: 7.930 GC heap before
{Heap before GC invocations=10 (full 1):
 PSYoungGen      total 441344K, used 440842K [0x00000006eab00000, 0x000000070db00000, 0x00000007c0000000)
  eden space 430080K, 100% used [0x00000006eab00000,0x0000000704f00000,0x0000000704f00000)
  from space 11264K, 95% used [0x000000070d000000,0x000000070da82a40,0x000000070db00000)
  to   space 45568K, 0% used [0x0000000708200000,0x0000000708200000,0x000000070ae80000)
 ParOldGen       total 175104K, used 54980K [0x0000000540000000, 0x000000054ab00000, 0x00000006eab00000)
  object space 175104K, 31% used [0x0000000540000000,0x00000005435b1358,0x000000054ab00000)
 Metaspace       used 25488K, capacity 25792K, committed 26240K, reserved 1073152K
  class space    used 2998K, capacity 3095K, committed 3200K, reserved 1048576K
Event: 7.968 GC heap after
Heap after GC invocations=10 (full 1):
 PSYoungGen      total 527872K, used 30559K [0x00000006eab00000, 0x0000000714b00000, 0x00000007c0000000)
  eden space 482304K, 0% used [0x00000006eab00000,0x00000006eab00000,0x0000000708200000)
  from space 45568K, 67% used [0x0000000708200000,0x0000000709fd7d68,0x000000070ae80000)
  to   space 46080K, 0% used [0x0000000711e00000,0x0000000711e00000,0x0000000714b00000)
 ParOldGen       total 175104K, used 54988K [0x0000000540000000, 0x000000054ab00000, 0x00000006eab00000)
  object space 175104K, 31% used [0x0000000540000000,0x00000005435b3358,0x000000054ab00000)
 Metaspace       used 25488K, capacity 25792K, committed 26240K, reserved 1073152K
  class space    used 2998K, capacity 3095K, committed 3200K, reserved 1048576K
}
Event: 9.586 GC heap before
{Heap before GC invocations=11 (full 1):
 PSYoungGen      total 527872K, used 512863K [0x00000006eab00000, 0x0000000714b00000, 0x00000007c0000000)
  eden space 482304K, 100% used [0x00000006eab00000,0x0000000708200000,0x0000000708200000)
  from space 45568K, 67% used [0x0000000708200000,0x0000000709fd7d68,0x000000070ae80000)
  to   space 46080K, 0% used [0x0000000711e00000,0x0000000711e00000,0x0000000714b00000)
 ParOldGen       total 175104K, used 54988K [0x0000000540000000, 0x000000054ab00000, 0x00000006eab00000)
  object space 175104K, 31% used [0x0000000540000000,0x00000005435b3358,0x000000054ab00000)
 Metaspace       used 29110K, capacity 29430K, committed 29824K, reserved 1075200K
  class space    used 3610K, capacity 3710K, committed 3712K, reserved 1048576K
Event: 9.629 GC heap after
Heap after GC invocations=11 (full 1):
 PSYoungGen      total 638976K, used 38443K [0x00000006eab00000, 0x0000000719380000, 0x00000007c0000000)
  eden space 592896K, 0% used [0x00000006eab00000,0x00000006eab00000,0x000000070ee00000)
  from space 46080K, 83% used [0x0000000711e00000,0x000000071438afa8,0x0000000714b00000)
  to   space 49152K, 0% used [0x000000070ee00000,0x000000070ee00000,0x0000000711e00000)
 ParOldGen       total 175104K, used 62162K [0x0000000540000000, 0x000000054ab00000, 0x00000006eab00000)
  object space 175104K, 35% used [0x0000000540000000,0x0000000543cb4a08,0x000000054ab00000)
 Metaspace       used 29110K, capacity 29430K, committed 29824K, reserved 1075200K
  class space    used 3610K, capacity 3710K, committed 3712K, reserved 1048576K
}
Event: 11.119 GC heap before
{Heap before GC invocations=12 (full 1):
 PSYoungGen      total 638976K, used 631339K [0x00000006eab00000, 0x0000000719380000, 0x00000007c0000000)
  eden space 592896K, 100% used [0x00000006eab00000,0x000000070ee00000,0x000000070ee00000)
  from space 46080K, 83% used [0x0000000711e00000,0x000000071438afa8,0x0000000714b00000)
  to   space 49152K, 0% used [0x000000070ee00000,0x000000070ee00000,0x0000000711e00000)
 ParOldGen       total 175104K, used 62162K [0x0000000540000000, 0x000000054ab00000, 0x00000006eab00000)
  object space 175104K, 35% used [0x0000000540000000,0x0000000543cb4a08,0x000000054ab00000)
 Metaspace       used 34634K, capacity 35012K, committed 35328K, reserved 1079296K
  class space    used 4622K, capacity 4759K, committed 4864K, reserved 1048576K
Event: 11.185 GC heap after
Heap after GC invocations=12 (full 1):
 PSYoungGen      total 642048K, used 20773K [0x00000006eab00000, 0x0000000722b00000, 0x00000007c0000000)
  eden space 592896K, 0% used [0x00000006eab00000,0x00000006eab00000,0x000000070ee00000)
  from space 49152K, 42% used [0x000000070ee00000,0x0000000710249738,0x0000000711e00000)
  to   space 47616K, 0% used [0x000000071fc80000,0x000000071fc80000,0x0000000722b00000)
 ParOldGen       total 175104K, used 97910K [0x0000000540000000, 0x000000054ab00000, 0x00000006eab00000)
  object space 175104K, 55% used [0x0000000540000000,0x0000000545f9db20,0x000000054ab00000)
 Metaspace       used 34634K, capacity 35012K, committed 35328K, reserved 1079296K
  class space    used 4622K, capacity 4759K, committed 4864K, reserved 1048576K
}
Event: 11.270 GC heap before
{Heap before GC invocations=13 (full 1):
 PSYoungGen      total 642048K, used 56075K [0x00000006eab00000, 0x0000000722b00000, 0x00000007c0000000)
  eden space 592896K, 5% used [0x00000006eab00000,0x00000006ecd794f0,0x000000070ee00000)
  from space 49152K, 42% used [0x000000070ee00000,0x0000000710249738,0x0000000711e00000)
  to   space 47616K, 0% used [0x000000071fc80000,0x000000071fc80000,0x0000000722b00000)
 ParOldGen       total 175104K, used 97910K [0x0000000540000000, 0x000000054ab00000, 0x00000006eab00000)
  object space 175104K, 55% used [0x0000000540000000,0x0000000545f9db20,0x000000054ab00000)
 Metaspace       used 34850K, capacity 35238K, committed 35496K, reserved 1079296K
  class space    used 4655K, capacity 4792K, committed 4864K, reserved 1048576K
Event: 11.290 GC heap after
Heap after GC invocations=13 (full 1):
 PSYoungGen      total 867840K, used 850K [0x00000006eab00000, 0x0000000726300000, 0x00000007c0000000)
  eden space 820224K, 0% used [0x00000006eab00000,0x00000006eab00000,0x000000071cc00000)
  from space 47616K, 1% used [0x000000071fc80000,0x000000071fd54930,0x0000000722b00000)
  to   space 49664K, 0% used [0x000000071cc00000,0x000000071cc00000,0x000000071fc80000)
 ParOldGen       total 175104K, used 115151K [0x0000000540000000, 0x000000054ab00000, 0x00000006eab00000)
  object space 175104K, 65% used [0x0000000540000000,0x0000000547073f18,0x000000054ab00000)
 Metaspace       used 34850K, capacity 35238K, committed 35496K, reserved 1079296K
  class space    used 4655K, capacity 4792K, committed 4864K, reserved 1048576K
}
Event: 11.290 GC heap before
{Heap before GC invocations=14 (full 2):
 PSYoungGen      total 867840K, used 850K [0x00000006eab00000, 0x0000000726300000, 0x00000007c0000000)
  eden space 820224K, 0% used [0x00000006eab00000,0x00000006eab00000,0x000000071cc00000)
  from space 47616K, 1% used [0x000000071fc80000,0x000000071fd54930,0x0000000722b00000)
  to   space 49664K, 0% used [0x000000071cc00000,0x000000071cc00000,0x000000071fc80000)
 ParOldGen       total 175104K, used 115151K [0x0000000540000000, 0x000000054ab00000, 0x00000006eab00000)
  object space 175104K, 65% used [0x0000000540000000,0x0000000547073f18,0x000000054ab00000)
 Metaspace       used 34850K, capacity 35238K, committed 35496K, reserved 1079296K
  class space    used 4655K, capacity 4792K, committed 4864K, reserved 1048576K
Event: 11.683 GC heap after
Heap after GC invocations=14 (full 2):
 PSYoungGen      total 867840K, used 0K [0x00000006eab00000, 0x0000000726300000, 0x00000007c0000000)
  eden space 820224K, 0% used [0x00000006eab00000,0x00000006eab00000,0x000000071cc00000)
  from space 47616K, 0% used [0x000000071fc80000,0x000000071fc80000,0x0000000722b00000)
  to   space 49664K, 0% used [0x000000071cc00000,0x000000071cc00000,0x000000071fc80000)
 ParOldGen       total 263168K, used 112382K [0x0000000540000000, 0x0000000550100000, 0x00000006eab00000)
  object space 263168K, 42% used [0x0000000540000000,0x0000000546dbfa20,0x0000000550100000)
 Metaspace       used 34850K, capacity 35238K, committed 35496K, reserved 1079296K
  class space    used 4655K, capacity 4792K, committed 4864K, reserved 1048576K
}

