# JRE version: OpenJDK Runtime Environment (8.0_242-b08) (build 1.8.0_242-b08)
# Java VM: OpenJDK 64-Bit Server VM (25.242-b08 mixed mode bsd-amd64 compressed oops)
Heap:
 PSYoungGen      total 1322496K, used 106604K [0x00000006eab00000, 0x0000000746700000, 0x00000007c0000000)
  eden space 1252352K, 8% used [0x00000006eab00000,0x00000006f131b3d0,0x0000000737200000)
  from space 70144K, 0% used [0x000000073b380000,0x000000073b380000,0x000000073f800000)
  to   space 67072K, 0% used [0x0000000737200000,0x0000000737200000,0x000000073b380000)
 ParOldGen       total 257024K, used 115096K [0x0000000540000000, 0x000000054fb00000, 0x00000006eab00000)
  object space 257024K, 44% used [0x0000000540000000,0x0000000547066350,0x000000054fb00000)
 Metaspace       used 36452K, capacity 36874K, committed 37288K, reserved 1081344K
  class space    used 4823K, capacity 4998K, committed 5040K, reserved 1048576K
GC Heap History (10 events):
Event: 6.280 GC heap before
{Heap before GC invocations=8 (full 1):
 PSYoungGen      total 583680K, used 524288K [0x00000006eab00000, 0x0000000711f00000, 0x00000007c0000000)
  eden space 524288K, 100% used [0x00000006eab00000,0x000000070ab00000,0x000000070ab00000)
  from space 59392K, 0% used [0x000000070e500000,0x000000070e500000,0x0000000711f00000)
  to   space 59392K, 0% used [0x000000070ab00000,0x000000070ab00000,0x000000070e500000)
 ParOldGen       total 183808K, used 55470K [0x0000000540000000, 0x000000054b380000, 0x00000006eab00000)
  object space 183808K, 30% used [0x0000000540000000,0x000000054362ba48,0x000000054b380000)
 Metaspace       used 23055K, capacity 23418K, committed 23600K, reserved 1071104K
  class space    used 2714K, capacity 2842K, committed 2864K, reserved 1048576K
Event: 6.300 GC heap after
Heap after GC invocations=8 (full 1):
 PSYoungGen      total 583680K, used 18909K [0x00000006eab00000, 0x0000000729a00000, 0x00000007c0000000)
  eden space 524288K, 0% used [0x00000006eab00000,0x00000006eab00000,0x000000070ab00000)
  from space 59392K, 31% used [0x000000070ab00000,0x000000070bd77750,0x000000070e500000)
  to   space 57344K, 0% used [0x0000000726200000,0x0000000726200000,0x0000000729a00000)
 ParOldGen       total 183808K, used 55478K [0x0000000540000000, 0x000000054b380000, 0x00000006eab00000)
  object space 183808K, 30% used [0x0000000540000000,0x000000054362da48,0x000000054b380000)
 Metaspace       used 23055K, capacity 23418K, committed 23600K, reserved 1071104K
  class space    used 2714K, capacity 2842K, committed 2864K, reserved 1048576K
}
Event: 7.706 GC heap before
{Heap before GC invocations=9 (full 1):
 PSYoungGen      total 583680K, used 543197K [0x00000006eab00000, 0x0000000729a00000, 0x00000007c0000000)
  eden space 524288K, 100% used [0x00000006eab00000,0x000000070ab00000,0x000000070ab00000)
  from space 59392K, 31% used [0x000000070ab00000,0x000000070bd77750,0x000000070e500000)
  to   space 57344K, 0% used [0x0000000726200000,0x0000000726200000,0x0000000729a00000)
 ParOldGen       total 183808K, used 55478K [0x0000000540000000, 0x000000054b380000, 0x00000006eab00000)
  object space 183808K, 30% used [0x0000000540000000,0x000000054362da48,0x000000054b380000)
 Metaspace       used 27455K, capacity 27812K, committed 28208K, reserved 1075200K
  class space    used 3237K, capacity 3365K, committed 3376K, reserved 1048576K
Event: 7.726 GC heap after
Heap after GC invocations=9 (full 1):
 PSYoungGen      total 930816K, used 36791K [0x00000006eab00000, 0x0000000728600000, 0x00000007c0000000)
  eden space 893952K, 0% used [0x00000006eab00000,0x00000006eab00000,0x0000000721400000)
  from space 36864K, 99% used [0x0000000726200000,0x00000007285edd30,0x0000000728600000)
  to   space 57856K, 0% used [0x0000000721500000,0x0000000721500000,0x0000000724d80000)
 ParOldGen       total 183808K, used 55486K [0x0000000540000000, 0x000000054b380000, 0x00000006eab00000)
  object space 183808K, 30% used [0x0000000540000000,0x000000054362fa48,0x000000054b380000)
 Metaspace       used 27455K, capacity 27812K, committed 28208K, reserved 1075200K
  class space    used 3237K, capacity 3365K, committed 3376K, reserved 1048576K
}
Event: 10.436 GC heap before
{Heap before GC invocations=10 (full 1):
 PSYoungGen      total 930816K, used 930743K [0x00000006eab00000, 0x0000000728600000, 0x00000007c0000000)
  eden space 893952K, 100% used [0x00000006eab00000,0x0000000721400000,0x0000000721400000)
  from space 36864K, 99% used [0x0000000726200000,0x00000007285edd30,0x0000000728600000)
  to   space 57856K, 0% used [0x0000000721500000,0x0000000721500000,0x0000000724d80000)
 ParOldGen       total 183808K, used 55486K [0x0000000540000000, 0x000000054b380000, 0x00000006eab00000)
  object space 183808K, 30% used [0x0000000540000000,0x000000054362fa48,0x000000054b380000)
 Metaspace       used 34699K, capacity 35086K, committed 35496K, reserved 1079296K
  class space    used 4626K, capacity 4762K, committed 4784K, reserved 1048576K
Event: 10.478 GC heap after
Heap after GC invocations=10 (full 1):
 PSYoungGen      total 952832K, used 57853K [0x00000006eab00000, 0x000000073f800000, 0x00000007c0000000)
  eden space 894976K, 0% used [0x00000006eab00000,0x00000006eab00000,0x0000000721500000)
  from space 57856K, 99% used [0x0000000721500000,0x0000000724d7f778,0x0000000724d80000)
  to   space 70144K, 0% used [0x000000073b380000,0x000000073b380000,0x000000073f800000)
 ParOldGen       total 183808K, used 63553K [0x0000000540000000, 0x000000054b380000, 0x00000006eab00000)
  object space 183808K, 34% used [0x0000000540000000,0x0000000543e10610,0x000000054b380000)
 Metaspace       used 34699K, capacity 35086K, committed 35496K, reserved 1079296K
  class space    used 4626K, capacity 4762K, committed 4784K, reserved 1048576K
}
Event: 10.503 GC heap before
{Heap before GC invocations=11 (full 1):
 PSYoungGen      total 952832K, used 75642K [0x00000006eab00000, 0x000000073f800000, 0x00000007c0000000)
  eden space 894976K, 1% used [0x00000006eab00000,0x00000006ebc5f148,0x0000000721500000)
  from space 57856K, 99% used [0x0000000721500000,0x0000000724d7f778,0x0000000724d80000)
  to   space 70144K, 0% used [0x000000073b380000,0x000000073b380000,0x000000073f800000)
 ParOldGen       total 183808K, used 63553K [0x0000000540000000, 0x000000054b380000, 0x00000006eab00000)
  object space 183808K, 34% used [0x0000000540000000,0x0000000543e10610,0x000000054b380000)
 Metaspace       used 34796K, capacity 35154K, committed 35496K, reserved 1079296K
  class space    used 4636K, capacity 4764K, committed 4784K, reserved 1048576K
Event: 10.532 GC heap after
Heap after GC invocations=11 (full 1):
 PSYoungGen      total 1322496K, used 26287K [0x00000006eab00000, 0x0000000746700000, 0x00000007c0000000)
  eden space 1252352K, 0% used [0x00000006eab00000,0x00000006eab00000,0x0000000737200000)
  from space 70144K, 37% used [0x000000073b380000,0x000000073cd2beb8,0x000000073f800000)
  to   space 67072K, 0% used [0x0000000737200000,0x0000000737200000,0x000000073b380000)
 ParOldGen       total 183808K, used 95644K [0x0000000540000000, 0x000000054b380000, 0x00000006eab00000)
  object space 183808K, 52% used [0x0000000540000000,0x0000000545d67338,0x000000054b380000)
 Metaspace       used 34796K, capacity 35154K, committed 35496K, reserved 1079296K
  class space    used 4636K, capacity 4764K, committed 4784K, reserved 1048576K
}
Event: 10.532 GC heap before
{Heap before GC invocations=12 (full 2):
 PSYoungGen      total 1322496K, used 26287K [0x00000006eab00000, 0x0000000746700000, 0x00000007c0000000)
  eden space 1252352K, 0% used [0x00000006eab00000,0x00000006eab00000,0x0000000737200000)
  from space 70144K, 37% used [0x000000073b380000,0x000000073cd2beb8,0x000000073f800000)
  to   space 67072K, 0% used [0x0000000737200000,0x0000000737200000,0x000000073b380000)
 ParOldGen       total 183808K, used 95644K [0x0000000540000000, 0x000000054b380000, 0x00000006eab00000)
  object space 183808K, 52% used [0x0000000540000000,0x0000000545d67338,0x000000054b380000)
 Metaspace       used 34796K, capacity 35154K, committed 35496K, reserved 1079296K
  class space    used 4636K, capacity 4764K, committed 4784K, reserved 1048576K
Event: 10.826 GC heap after
Heap after GC invocations=12 (full 2):
 PSYoungGen      total 1322496K, used 0K [0x00000006eab00000, 0x0000000746700000, 0x00000007c0000000)
  eden space 1252352K, 0% used [0x00000006eab00000,0x00000006eab00000,0x0000000737200000)
  from space 70144K, 0% used [0x000000073b380000,0x000000073b380000,0x000000073f800000)
  to   space 67072K, 0% used [0x0000000737200000,0x0000000737200000,0x000000073b380000)
 ParOldGen       total 257024K, used 115096K [0x0000000540000000, 0x000000054fb00000, 0x00000006eab00000)
  object space 257024K, 44% used [0x0000000540000000,0x0000000547066350,0x000000054fb00000)
 Metaspace       used 34796K, capacity 35154K, committed 35496K, reserved 1079296K
  class space    used 4636K, capacity 4764K, committed 4784K, reserved 1048576K
}

