# JRE version: OpenJDK Runtime Environment (8.0_242-b08) (build 1.8.0_242-b08)
# Java VM: OpenJDK 64-Bit Server VM (25.242-b08 mixed mode bsd-amd64 compressed oops)
Heap:
 PSYoungGen      total 867840K, used 275633K [0x00000006eab00000, 0x0000000722d80000, 0x00000007c0000000)
  eden space 833024K, 33% used [0x00000006eab00000,0x00000006fb82c788,0x000000071d880000)
  from space 34816K, 0% used [0x0000000720b80000,0x0000000720b80000,0x0000000722d80000)
  to   space 43520K, 0% used [0x000000071d880000,0x000000071d880000,0x0000000720300000)
 ParOldGen       total 286720K, used 124635K [0x0000000540000000, 0x0000000551800000, 0x00000006eab00000)
  object space 286720K, 43% used [0x0000000540000000,0x00000005479b6e38,0x0000000551800000)
 Metaspace       used 37994K, capacity 38368K, committed 38832K, reserved 1083392K
  class space    used 5097K, capacity 5257K, committed 5296K, reserved 1048576K
GC Heap History (10 events):
Event: 10.224 GC heap before
{Heap before GC invocations=10 (full 1):
 PSYoungGen      total 456704K, used 456211K [0x00000006eab00000, 0x000000070e600000, 0x00000007c0000000)
  eden space 439808K, 100% used [0x00000006eab00000,0x0000000705880000,0x0000000705880000)
  from space 16896K, 97% used [0x000000070d580000,0x000000070e584d38,0x000000070e600000)
  to   space 47104K, 0% used [0x0000000708a00000,0x0000000708a00000,0x000000070b800000)
 ParOldGen       total 176128K, used 59235K [0x0000000540000000, 0x000000054ac00000, 0x00000006eab00000)
  object space 176128K, 33% used [0x0000000540000000,0x00000005439d8c70,0x000000054ac00000)
 Metaspace       used 23567K, capacity 23858K, committed 24240K, reserved 1071104K
  class space    used 2851K, capacity 2940K, committed 2992K, reserved 1048576K
Event: 10.247 GC heap after
Heap after GC invocations=10 (full 1):
 PSYoungGen      total 537600K, used 20550K [0x00000006eab00000, 0x0000000715a80000, 0x00000007c0000000)
  eden space 490496K, 0% used [0x00000006eab00000,0x00000006eab00000,0x0000000708a00000)
  from space 47104K, 43% used [0x0000000708a00000,0x0000000709e11990,0x000000070b800000)
  to   space 46080K, 0% used [0x0000000712d80000,0x0000000712d80000,0x0000000715a80000)
 ParOldGen       total 176128K, used 59243K [0x0000000540000000, 0x000000054ac00000, 0x00000006eab00000)
  object space 176128K, 33% used [0x0000000540000000,0x00000005439dac70,0x000000054ac00000)
 Metaspace       used 23567K, capacity 23858K, committed 24240K, reserved 1071104K
  class space    used 2851K, capacity 2940K, committed 2992K, reserved 1048576K
}
Event: 11.947 GC heap before
{Heap before GC invocations=11 (full 1):
 PSYoungGen      total 537600K, used 511046K [0x00000006eab00000, 0x0000000715a80000, 0x00000007c0000000)
  eden space 490496K, 100% used [0x00000006eab00000,0x0000000708a00000,0x0000000708a00000)
  from space 47104K, 43% used [0x0000000708a00000,0x0000000709e11990,0x000000070b800000)
  to   space 46080K, 0% used [0x0000000712d80000,0x0000000712d80000,0x0000000715a80000)
 ParOldGen       total 176128K, used 59243K [0x0000000540000000, 0x000000054ac00000, 0x00000006eab00000)
  object space 176128K, 33% used [0x0000000540000000,0x00000005439dac70,0x000000054ac00000)
 Metaspace       used 24931K, capacity 25304K, committed 25648K, reserved 1071104K
  class space    used 2973K, capacity 3101K, committed 3120K, reserved 1048576K
Event: 11.990 GC heap after
Heap after GC invocations=11 (full 1):
 PSYoungGen      total 659968K, used 24303K [0x00000006eab00000, 0x0000000719800000, 0x00000007c0000000)
  eden space 613888K, 0% used [0x00000006eab00000,0x00000006eab00000,0x0000000710280000)
  from space 46080K, 52% used [0x0000000712d80000,0x000000071453bd58,0x0000000715a80000)
  to   space 44032K, 0% used [0x0000000710280000,0x0000000710280000,0x0000000712d80000)
 ParOldGen       total 176128K, used 69804K [0x0000000540000000, 0x000000054ac00000, 0x00000006eab00000)
  object space 176128K, 39% used [0x0000000540000000,0x000000054442b1b8,0x000000054ac00000)
 Metaspace       used 24931K, capacity 25304K, committed 25648K, reserved 1071104K
  class space    used 2973K, capacity 3101K, committed 3120K, reserved 1048576K
}
Event: 14.890 GC heap before
{Heap before GC invocations=12 (full 1):
 PSYoungGen      total 659968K, used 638191K [0x00000006eab00000, 0x0000000719800000, 0x00000007c0000000)
  eden space 613888K, 100% used [0x00000006eab00000,0x0000000710280000,0x0000000710280000)
  from space 46080K, 52% used [0x0000000712d80000,0x000000071453bd58,0x0000000715a80000)
  to   space 44032K, 0% used [0x0000000710280000,0x0000000710280000,0x0000000712d80000)
 ParOldGen       total 176128K, used 69804K [0x0000000540000000, 0x000000054ac00000, 0x00000006eab00000)
  object space 176128K, 39% used [0x0000000540000000,0x000000054442b1b8,0x000000054ac00000)
 Metaspace       used 29949K, capacity 30238K, committed 30768K, reserved 1077248K
  class space    used 3687K, capacity 3784K, committed 3888K, reserved 1048576K
Event: 14.941 GC heap after
Heap after GC invocations=12 (full 1):
 PSYoungGen      total 657920K, used 29656K [0x00000006eab00000, 0x0000000723680000, 0x00000007c0000000)
  eden space 613888K, 0% used [0x00000006eab00000,0x00000006eab00000,0x0000000710280000)
  from space 44032K, 67% used [0x0000000710280000,0x0000000711f76350,0x0000000712d80000)
  to   space 44032K, 0% used [0x0000000720b80000,0x0000000720b80000,0x0000000723680000)
 ParOldGen       total 176128K, used 89642K [0x0000000540000000, 0x000000054ac00000, 0x00000006eab00000)
  object space 176128K, 50% used [0x0000000540000000,0x000000054578ab98,0x000000054ac00000)
 Metaspace       used 29949K, capacity 30238K, committed 30768K, reserved 1077248K
  class space    used 3687K, capacity 3784K, committed 3888K, reserved 1048576K
}
Event: 16.835 GC heap before
{Heap before GC invocations=13 (full 1):
 PSYoungGen      total 657920K, used 588562K [0x00000006eab00000, 0x0000000723680000, 0x00000007c0000000)
  eden space 613888K, 91% used [0x00000006eab00000,0x000000070ccce790,0x0000000710280000)
  from space 44032K, 67% used [0x0000000710280000,0x0000000711f76350,0x0000000712d80000)
  to   space 44032K, 0% used [0x0000000720b80000,0x0000000720b80000,0x0000000723680000)
 ParOldGen       total 176128K, used 89642K [0x0000000540000000, 0x000000054ac00000, 0x00000006eab00000)
  object space 176128K, 50% used [0x0000000540000000,0x000000054578ab98,0x000000054ac00000)
 Metaspace       used 34806K, capacity 35134K, committed 35496K, reserved 1079296K
  class space    used 4719K, capacity 4840K, committed 4912K, reserved 1048576K
Event: 16.867 GC heap after
Heap after GC invocations=13 (full 1):
 PSYoungGen      total 867840K, used 17128K [0x00000006eab00000, 0x0000000722d80000, 0x00000007c0000000)
  eden space 833024K, 0% used [0x00000006eab00000,0x00000006eab00000,0x000000071d880000)
  from space 34816K, 49% used [0x0000000720b80000,0x0000000721c3a368,0x0000000722d80000)
  to   space 43520K, 0% used [0x000000071d880000,0x000000071d880000,0x0000000720300000)
 ParOldGen       total 176128K, used 116262K [0x0000000540000000, 0x000000054ac00000, 0x00000006eab00000)
  object space 176128K, 66% used [0x0000000540000000,0x00000005471898e0,0x000000054ac00000)
 Metaspace       used 34806K, capacity 35134K, committed 35496K, reserved 1079296K
  class space    used 4719K, capacity 4840K, committed 4912K, reserved 1048576K
}
Event: 16.867 GC heap before
{Heap before GC invocations=14 (full 2):
 PSYoungGen      total 867840K, used 17128K [0x00000006eab00000, 0x0000000722d80000, 0x00000007c0000000)
  eden space 833024K, 0% used [0x00000006eab00000,0x00000006eab00000,0x000000071d880000)
  from space 34816K, 49% used [0x0000000720b80000,0x0000000721c3a368,0x0000000722d80000)
  to   space 43520K, 0% used [0x000000071d880000,0x000000071d880000,0x0000000720300000)
 ParOldGen       total 176128K, used 116262K [0x0000000540000000, 0x000000054ac00000, 0x00000006eab00000)
  object space 176128K, 66% used [0x0000000540000000,0x00000005471898e0,0x000000054ac00000)
 Metaspace       used 34806K, capacity 35134K, committed 35496K, reserved 1079296K
  class space    used 4719K, capacity 4840K, committed 4912K, reserved 1048576K
Event: 17.178 GC heap after
Heap after GC invocations=14 (full 2):
 PSYoungGen      total 867840K, used 0K [0x00000006eab00000, 0x0000000722d80000, 0x00000007c0000000)
  eden space 833024K, 0% used [0x00000006eab00000,0x00000006eab00000,0x000000071d880000)
  from space 34816K, 0% used [0x0000000720b80000,0x0000000720b80000,0x0000000722d80000)
  to   space 43520K, 0% used [0x000000071d880000,0x000000071d880000,0x0000000720300000)
 ParOldGen       total 286720K, used 124635K [0x0000000540000000, 0x0000000551800000, 0x00000006eab00000)
  object space 286720K, 43% used [0x0000000540000000,0x00000005479b6e38,0x0000000551800000)
 Metaspace       used 34806K, capacity 35134K, committed 35496K, reserved 1079296K
  class space    used 4719K, capacity 4840K, committed 4912K, reserved 1048576K
}

